[INFO] - 2023-09-06 17:08:22: ------------ STARTING NEW SHORT ------------ 
[DEBUG] - 2023-09-06 17:08:22: Narration from history "381c3f1c-67c2-4f49-818e-7e36addcfe56" generated 
[DEBUG] - 2023-09-06 17:08:23: Narration "381c3f1c-67c2-4f49-818e-7e36addcfe56" saved in /home/kayckmatias/Documents/Dev/Personal/zshorts/tmp/narrations/ 
[DEBUG] - 2023-09-06 17:08:23: Accelerating "/home/kayckmatias/Documents/Dev/Personal/zshorts/tmp/narrations/381c3f1c-67c2-4f49-818e-7e36addcfe56.mp3" 
[ERROR] - 2023-09-06 17:08:23: undefined 
[INFO] - 2023-09-06 17:08:23: ------------ ENDING OF NEW SHORT ------------ 
[INFO] - 2023-09-06 17:08:56: ------------ STARTING NEW SHORT ------------ 
[DEBUG] - 2023-09-06 17:08:56: Narration from history "0c00b139-aa8f-4608-8af5-608042ef0c9d" generated 
[DEBUG] - 2023-09-06 17:08:57: Narration "0c00b139-aa8f-4608-8af5-608042ef0c9d" saved in /home/kayckmatias/Documents/Dev/Personal/zshorts/tmp/narrations/ 
[DEBUG] - 2023-09-06 17:08:57: Accelerating "/home/kayckmatias/Documents/Dev/Personal/zshorts/tmp/narrations/0c00b139-aa8f-4608-8af5-608042ef0c9d.mp3" 
[ERROR] - 2023-09-06 17:08:57: undefined 
[INFO] - 2023-09-06 17:08:57: ------------ ENDING OF NEW SHORT ------------ 
[INFO] - 2023-09-06 17:10:57: ------------ STARTING NEW SHORT ------------ 
[DEBUG] - 2023-09-06 17:10:57: Narration from history "eb112d6b-5611-448a-b2e7-d1fd3775d388" generated 
[DEBUG] - 2023-09-06 17:10:58: Narration "eb112d6b-5611-448a-b2e7-d1fd3775d388" saved in /home/kayckmatias/Documents/Dev/Personal/zshorts/tmp/narrations/ 
[DEBUG] - 2023-09-06 17:10:58: Accelerating "/home/kayckmatias/Documents/Dev/Personal/zshorts/tmp/narrations/eb112d6b-5611-448a-b2e7-d1fd3775d388.mp3" 
[INFO] - 2023-09-06 17:10:58: ------------ ENDING OF NEW SHORT ------------ 
[INFO] - 2023-09-06 17:11:35: ------------ STARTING NEW SHORT ------------ 
[DEBUG] - 2023-09-06 17:11:35: Narration from history "4b6618c5-8be6-41e4-a5e4-285fb0c61104" generated 
[DEBUG] - 2023-09-06 17:11:36: Narration "4b6618c5-8be6-41e4-a5e4-285fb0c61104" saved in /home/kayckmatias/Documents/Dev/Personal/zshorts/tmp/narrations/ 
[DEBUG] - 2023-09-06 17:11:36: Accelerating "/home/kayckmatias/Documents/Dev/Personal/zshorts/tmp/narrations/4b6618c5-8be6-41e4-a5e4-285fb0c61104.mp3" 
[INFO] - 2023-09-06 17:11:36: ------------ ENDING OF NEW SHORT ------------ 
[INFO] - 2023-09-06 17:12:56: ------------ STARTING NEW SHORT ------------ 
[DEBUG] - 2023-09-06 17:12:56: Narration from history "3a39d0c7-2ea9-4a6f-95aa-666a4de2f93d" generated 
[DEBUG] - 2023-09-06 17:12:56: Narration "3a39d0c7-2ea9-4a6f-95aa-666a4de2f93d" saved in /home/kayckmatias/Documents/Dev/Personal/zshorts/tmp/narrations/ 
[DEBUG] - 2023-09-06 17:12:56: Accelerating "/home/kayckmatias/Documents/Dev/Personal/zshorts/tmp/narrations/3a39d0c7-2ea9-4a6f-95aa-666a4de2f93d.mp3" 
[INFO] - 2023-09-06 17:12:56: ------------ ENDING OF NEW SHORT ------------ 
[INFO] - 2023-09-06 17:14:54: ------------ STARTING NEW SHORT ------------ 
[DEBUG] - 2023-09-06 17:14:54: Narration from history "bc0c1237-00a1-4ffc-9a7e-a57caff5dac3" generated 
[DEBUG] - 2023-09-06 17:14:54: Narration "bc0c1237-00a1-4ffc-9a7e-a57caff5dac3" saved in /home/kayckmatias/Documents/Dev/Personal/zshorts/tmp/narrations/ 
[DEBUG] - 2023-09-06 17:14:54: Accelerating "/home/kayckmatias/Documents/Dev/Personal/zshorts/tmp/narrations/bc0c1237-00a1-4ffc-9a7e-a57caff5dac3.mp3" 
[INFO] - 2023-09-06 17:14:54: ------------ ENDING OF NEW SHORT ------------ 
[INFO] - 2023-09-06 17:15:26: ------------ STARTING NEW SHORT ------------ 
[DEBUG] - 2023-09-06 17:15:26: Narration from history "6e07c28b-ad6a-475c-a890-429263e0bd8f" generated 
[DEBUG] - 2023-09-06 17:15:26: Narration "6e07c28b-ad6a-475c-a890-429263e0bd8f" saved in /home/kayckmatias/Documents/Dev/Personal/zshorts/tmp/narrations/ 
[DEBUG] - 2023-09-06 17:15:26: Accelerating "/home/kayckmatias/Documents/Dev/Personal/zshorts/tmp/narrations/6e07c28b-ad6a-475c-a890-429263e0bd8f.mp3" 
[ERROR] - 2023-09-06 17:15:27: undefined 
[INFO] - 2023-09-06 17:15:27: ------------ ENDING OF NEW SHORT ------------ 
